build/app/intermediates/manifest_merge_blame_file/release/manifest-merger-blame-release-report.txt
1<?xml version="1.0" encoding="utf-8"?>
2<manifest xmlns:android="http://schemas.android.com/apk/res/android"
3    package="com.example.kitkat"
4    android:versionCode="1"
5    android:versionName="1.0.0" >
6
7    <uses-sdk
8        android:minSdkVersion="16"
8-->src\main\AndroidManifest.xml
9        android:targetSdkVersion="33" />
9-->src\main\AndroidManifest.xml
10
11    <uses-permission android:name="android.permission.RECEIVE_BOOT_COMPLETED" />
11-->src\main\AndroidManifest.xml:3:5-80
11-->src\main\AndroidManifest.xml:3:22-78
12    <uses-permission android:name="android.permission.WAKE_LOCK" />
12-->src\main\AndroidManifest.xml:4:5-67
12-->src\main\AndroidManifest.xml:4:22-65
13    <!-- For apps with targetSDK=31 (Android 12) -->
14    <uses-permission android:name="android.permission.SCHEDULE_EXACT_ALARM" />
14-->src\main\AndroidManifest.xml:6:5-78
14-->src\main\AndroidManifest.xml:6:22-76
15    <uses-permission android:name="android.permission.VIBRATE" />
15-->[:flutter_local_notifications] AndroidManifest.xml:10:5-66
15-->[:flutter_local_notifications] AndroidManifest.xml:10:22-63
16    <uses-permission android:name="android.permission.USE_FULL_SCREEN_INTENT" />
16-->[:flutter_local_notifications] AndroidManifest.xml:11:5-81
16-->[:flutter_local_notifications] AndroidManifest.xml:11:22-78
17    <uses-permission android:name="android.permission.POST_NOTIFICATIONS" />
17-->[:flutter_local_notifications] AndroidManifest.xml:13:5-77
17-->[:flutter_local_notifications] AndroidManifest.xml:13:22-74
18
19    <application
20        android:name="android.app.Application"
20-->src\main\AndroidManifest.xml:9:9-42
21        android:appComponentFactory="androidx.core.app.CoreComponentFactory"
21-->[androidx.core:core:1.6.0] AndroidManifest.xml:24:18-86
22        android:icon="@mipmap/kitkat"
22-->src\main\AndroidManifest.xml:10:9-38
23        android:label="kitkat" >
23-->src\main\AndroidManifest.xml:8:9-31
24        <service
24-->src\main\AndroidManifest.xml:11:9-14:31
25            android:name="dev.fluttercommunity.plus.androidalarmmanager.AlarmService"
25-->src\main\AndroidManifest.xml:12:5-78
26            android:exported="false"
26-->src\main\AndroidManifest.xml:14:5-29
27            android:permission="android.permission.BIND_JOB_SERVICE" />
27-->src\main\AndroidManifest.xml:13:5-61
28
29        <receiver
29-->src\main\AndroidManifest.xml:15:1-17:31
30            android:name="dev.fluttercommunity.plus.androidalarmmanager.AlarmBroadcastReceiver"
30-->src\main\AndroidManifest.xml:16:5-88
31            android:exported="false" />
31-->src\main\AndroidManifest.xml:17:5-29
32        <receiver
32-->src\main\AndroidManifest.xml:18:1-25:12
33            android:name="dev.fluttercommunity.plus.androidalarmmanager.RebootBroadcastReceiver"
33-->src\main\AndroidManifest.xml:19:5-89
34            android:enabled="false"
34-->src\main\AndroidManifest.xml:20:5-28
35            android:exported="false" >
35-->src\main\AndroidManifest.xml:21:5-29
36            <intent-filter>
36-->src\main\AndroidManifest.xml:22:5-24:21
37                <action android:name="android.intent.action.BOOT_COMPLETED" />
37-->src\main\AndroidManifest.xml:23:9-71
37-->src\main\AndroidManifest.xml:23:17-68
38            </intent-filter>
39        </receiver>
40
41        <activity
41-->src\main\AndroidManifest.xml:26:9-46:20
42            android:name="com.example.kitkat.MainActivity"
42-->src\main\AndroidManifest.xml:27:13-41
43            android:configChanges="orientation|keyboardHidden|keyboard|screenSize|smallestScreenSize|locale|layoutDirection|fontScale|screenLayout|density|uiMode"
43-->src\main\AndroidManifest.xml:31:13-163
44            android:exported="true"
44-->src\main\AndroidManifest.xml:28:13-36
45            android:hardwareAccelerated="true"
45-->src\main\AndroidManifest.xml:32:13-47
46            android:launchMode="singleTop"
46-->src\main\AndroidManifest.xml:29:13-43
47            android:theme="@style/LaunchTheme"
47-->src\main\AndroidManifest.xml:30:13-47
48            android:windowSoftInputMode="adjustResize" >
48-->src\main\AndroidManifest.xml:33:13-55
49
50            <!--
51                 Specifies an Android theme to apply to this Activity as soon as
52                 the Android process has started. This theme is visible to the user
53                 while the Flutter UI initializes. After that, this theme continues
54                 to determine the Window background behind the Flutter UI.
55            -->
56            <meta-data
56-->src\main\AndroidManifest.xml:38:13-41:17
57                android:name="io.flutter.embedding.android.NormalTheme"
57-->src\main\AndroidManifest.xml:39:15-70
58                android:resource="@style/NormalTheme" />
58-->src\main\AndroidManifest.xml:40:15-52
59
60            <intent-filter>
60-->src\main\AndroidManifest.xml:42:13-45:29
61                <action android:name="android.intent.action.MAIN" />
61-->src\main\AndroidManifest.xml:43:17-68
61-->src\main\AndroidManifest.xml:43:25-66
62
63                <category android:name="android.intent.category.LAUNCHER" />
63-->src\main\AndroidManifest.xml:44:17-76
63-->src\main\AndroidManifest.xml:44:27-74
64            </intent-filter>
65        </activity>
66        <!--
67             Don't delete the meta-data below.
68             This is used by the Flutter tool to generate GeneratedPluginRegistrant.java
69        -->
70        <meta-data
70-->src\main\AndroidManifest.xml:49:9-51:33
71            android:name="flutterEmbedding"
71-->src\main\AndroidManifest.xml:50:13-44
72            android:value="2" />
72-->src\main\AndroidManifest.xml:51:13-30
73
74        <receiver
74-->[:flutter_local_notifications] AndroidManifest.xml:16:9-18:40
75            android:name="com.dexterous.flutterlocalnotifications.ActionBroadcastReceiver"
75-->[:flutter_local_notifications] AndroidManifest.xml:17:13-91
76            android:exported="false" />
76-->[:flutter_local_notifications] AndroidManifest.xml:18:13-37
77        <receiver
77-->[:flutter_local_notifications] AndroidManifest.xml:19:9-21:40
78            android:name="com.dexterous.flutterlocalnotifications.ScheduledNotificationReceiver"
78-->[:flutter_local_notifications] AndroidManifest.xml:20:13-97
79            android:exported="false" />
79-->[:flutter_local_notifications] AndroidManifest.xml:21:13-37
80        <receiver
80-->[:flutter_local_notifications] AndroidManifest.xml:22:9-31:20
81            android:name="com.dexterous.flutterlocalnotifications.ScheduledNotificationBootReceiver"
81-->[:flutter_local_notifications] AndroidManifest.xml:23:13-101
82            android:exported="false" >
82-->[:flutter_local_notifications] AndroidManifest.xml:24:13-37
83            <intent-filter>
83-->[:flutter_local_notifications] AndroidManifest.xml:25:13-30:29
84                <action android:name="android.intent.action.BOOT_COMPLETED" />
84-->src\main\AndroidManifest.xml:23:9-71
84-->src\main\AndroidManifest.xml:23:17-68
85                <action android:name="android.intent.action.MY_PACKAGE_REPLACED" />
85-->[:flutter_local_notifications] AndroidManifest.xml:27:17-84
85-->[:flutter_local_notifications] AndroidManifest.xml:27:25-81
86                <action android:name="android.intent.action.QUICKBOOT_POWERON" />
86-->[:flutter_local_notifications] AndroidManifest.xml:28:17-82
86-->[:flutter_local_notifications] AndroidManifest.xml:28:25-79
87                <action android:name="com.htc.intent.action.QUICKBOOT_POWERON" />
87-->[:flutter_local_notifications] AndroidManifest.xml:29:17-82
87-->[:flutter_local_notifications] AndroidManifest.xml:29:25-79
88            </intent-filter>
89        </receiver>
90
91        <uses-library
91-->[androidx.window:window:1.0.0-beta04] AndroidManifest.xml:25:9-27:40
92            android:name="androidx.window.extensions"
92-->[androidx.window:window:1.0.0-beta04] AndroidManifest.xml:26:13-54
93            android:required="false" />
93-->[androidx.window:window:1.0.0-beta04] AndroidManifest.xml:27:13-37
94        <uses-library
94-->[androidx.window:window:1.0.0-beta04] AndroidManifest.xml:28:9-30:40
95            android:name="androidx.window.sidecar"
95-->[androidx.window:window:1.0.0-beta04] AndroidManifest.xml:29:13-51
96            android:required="false" />
96-->[androidx.window:window:1.0.0-beta04] AndroidManifest.xml:30:13-37
97    </application>
98
99</manifest>